[2023-01-07T06:07:47.675] [DEBUG] @mmstudio/an000048 - method GET headers {
  host: 'localhost:80',
  scheme: 'http',
  request_uri: '/api/home/getusers',
  'x-real-ip': '192.168.192.1',
  'x-forwarded-for': '192.168.192.1',
  connection: 'Upgrade',
  'sec-ch-ua': '"Not?A_Brand";v="8", "Chromium";v="108", "Google Chrome";v="108"',
  'sec-ch-ua-mobile': '?0',
  'sec-ch-ua-platform': '"Linux"',
  'upgrade-insecure-requests': '1',
  'user-agent': 'Mozilla/5.0 (X11; Linux x86_64) AppleWebKit/537.36 (KHTML, like Gecko) Chrome/108.0.0.0 Safari/537.36',
  accept: 'text/html,application/xhtml+xml,application/xml;q=0.9,image/avif,image/webp,image/apng,*/*;q=0.8,application/signed-exchange;v=b3;q=0.9',
  'sec-fetch-site': 'none',
  'sec-fetch-mode': 'navigate',
  'sec-fetch-user': '?1',
  'sec-fetch-dest': 'document',
  'accept-encoding': 'gzip, deflate, br',
  'accept-language': 'zh-CN,zh;q=0.9,en-GB;q=0.8,en-US;q=0.7,en;q=0.6',
  cookie: 'adminer_permanent=; adminer_settings=; Idea-817f3074=41ec410d-0282-42d1-a3fa-0020be919526; adminer_version=4.8.1'
}
[2023-01-07T06:07:47.678] [DEBUG] pages/api/home/getusers.api - msg body: {}
